[debug] [2022-04-12T05:23:14.732Z] ----------------------------------------------------------------------
[debug] [2022-04-12T05:23:14.737Z] Command:       C:\Program Files\nodejs\node.exe C:\Users\Yusufcan\AppData\Roaming\npm\node_modules\firebase-tools\lib\bin\firebase.js deploy
[debug] [2022-04-12T05:23:14.738Z] CLI Version:   10.6.0
[debug] [2022-04-12T05:23:14.738Z] Platform:      win32
[debug] [2022-04-12T05:23:14.739Z] Node Version:  v17.9.0
[debug] [2022-04-12T05:23:14.741Z] Time:          Tue Apr 12 2022 08:23:14 GMT+0300 (GMT+03:00)
[debug] [2022-04-12T05:23:14.741Z] ----------------------------------------------------------------------
[debug] 
[debug] [2022-04-12T05:23:14.906Z] > command requires scopes: ["email","openid","https://www.googleapis.com/auth/cloudplatformprojects.readonly","https://www.googleapis.com/auth/firebase","https://www.googleapis.com/auth/cloud-platform"]
[debug] [2022-04-12T05:23:14.907Z] > authorizing via signed-in user (ycelbeyli@gmail.com)
[debug] [2022-04-12T05:23:14.908Z] [iam] checking project ycelbeyli-firstproject for permissions ["firebase.projects.get","firebasehosting.sites.update"]
[debug] [2022-04-12T05:23:14.913Z] >>> [apiv2][query] POST https://cloudresourcemanager.googleapis.com/v1/projects/ycelbeyli-firstproject:testIamPermissions [none]
[debug] [2022-04-12T05:23:14.913Z] >>> [apiv2][body] POST https://cloudresourcemanager.googleapis.com/v1/projects/ycelbeyli-firstproject:testIamPermissions {"permissions":["firebase.projects.get","firebasehosting.sites.update"]}
[debug] [2022-04-12T05:23:16.172Z] <<< [apiv2][status] POST https://cloudresourcemanager.googleapis.com/v1/projects/ycelbeyli-firstproject:testIamPermissions 200
[debug] [2022-04-12T05:23:16.172Z] <<< [apiv2][body] POST https://cloudresourcemanager.googleapis.com/v1/projects/ycelbeyli-firstproject:testIamPermissions {"permissions":["firebase.projects.get","firebasehosting.sites.update"]}
[debug] [2022-04-12T05:23:16.175Z] >>> [apiv2][query] GET https://firebase.googleapis.com/v1beta1/projects/ycelbeyli-firstproject [none]
[debug] [2022-04-12T05:23:16.618Z] <<< [apiv2][status] GET https://firebase.googleapis.com/v1beta1/projects/ycelbeyli-firstproject 200
[debug] [2022-04-12T05:23:16.618Z] <<< [apiv2][body] GET https://firebase.googleapis.com/v1beta1/projects/ycelbeyli-firstproject {"projectId":"ycelbeyli-firstproject","projectNumber":"575945483894","displayName":"firstproject","name":"projects/ycelbeyli-firstproject","resources":{"hostingSite":"ycelbeyli-firstproject"},"state":"DELETED"}
[info] 
[info] === Deploying to 'ycelbeyli-firstproject'...
[info] 
[info] i  deploying hosting 
[debug] [2022-04-12T05:23:16.625Z] >>> [apiv2][query] GET https://firebase.googleapis.com/v1beta1/projects/ycelbeyli-firstproject [none]
[debug] [2022-04-12T05:23:17.022Z] <<< [apiv2][status] GET https://firebase.googleapis.com/v1beta1/projects/ycelbeyli-firstproject 200
[debug] [2022-04-12T05:23:17.022Z] <<< [apiv2][body] GET https://firebase.googleapis.com/v1beta1/projects/ycelbeyli-firstproject {"projectId":"ycelbeyli-firstproject","projectNumber":"575945483894","displayName":"firstproject","name":"projects/ycelbeyli-firstproject","resources":{"hostingSite":"ycelbeyli-firstproject"},"state":"DELETED"}
[debug] [2022-04-12T05:23:17.028Z] >>> [apiv2][query] POST https://firebasehosting.googleapis.com/v1beta1/projects/575945483894/sites/ycelbeyli-firstproject/versions [none]
[debug] [2022-04-12T05:23:17.029Z] >>> [apiv2][body] POST https://firebasehosting.googleapis.com/v1beta1/projects/575945483894/sites/ycelbeyli-firstproject/versions {"config":{},"labels":{"deployment-tool":"cli-firebase"}}
[debug] [2022-04-12T05:23:18.439Z] <<< [apiv2][status] POST https://firebasehosting.googleapis.com/v1beta1/projects/575945483894/sites/ycelbeyli-firstproject/versions 500
[debug] [2022-04-12T05:23:18.439Z] <<< [apiv2][body] POST https://firebasehosting.googleapis.com/v1beta1/projects/575945483894/sites/ycelbeyli-firstproject/versions {"error":{"code":500,"message":"Internal error encountered.","status":"INTERNAL"}}
[error] 
[error] Error: HTTP Error: 500, Internal error encountered.
[debug] [2022-04-12T05:23:18.676Z] Error Context: {
  "body": {
    "error": {
      "code": 500,
      "message": "Internal error encountered.",
      "status": "INTERNAL"
    }
  },
  "response": {
    "statusCode": 500
  }
}
[debug] [2022-04-12T05:24:34.796Z] ----------------------------------------------------------------------
[debug] [2022-04-12T05:24:34.801Z] Command:       C:\Program Files\nodejs\node.exe C:\Users\Yusufcan\AppData\Roaming\npm\node_modules\firebase-tools\lib\bin\firebase.js deploy
[debug] [2022-04-12T05:24:34.802Z] CLI Version:   10.6.0
[debug] [2022-04-12T05:24:34.802Z] Platform:      win32
[debug] [2022-04-12T05:24:34.803Z] Node Version:  v17.9.0
[debug] [2022-04-12T05:24:34.804Z] Time:          Tue Apr 12 2022 08:24:34 GMT+0300 (GMT+03:00)
[debug] [2022-04-12T05:24:34.805Z] ----------------------------------------------------------------------
[debug] 
[debug] [2022-04-12T05:24:34.962Z] > command requires scopes: ["email","openid","https://www.googleapis.com/auth/cloudplatformprojects.readonly","https://www.googleapis.com/auth/firebase","https://www.googleapis.com/auth/cloud-platform"]
[debug] [2022-04-12T05:24:34.963Z] > authorizing via signed-in user (ycelbeyli@gmail.com)
[debug] [2022-04-12T05:24:34.963Z] [iam] checking project ycelbeyli-firstproject for permissions ["firebase.projects.get","firebasehosting.sites.update"]
[debug] [2022-04-12T05:24:34.969Z] >>> [apiv2][query] POST https://cloudresourcemanager.googleapis.com/v1/projects/ycelbeyli-firstproject:testIamPermissions [none]
[debug] [2022-04-12T05:24:34.969Z] >>> [apiv2][body] POST https://cloudresourcemanager.googleapis.com/v1/projects/ycelbeyli-firstproject:testIamPermissions {"permissions":["firebase.projects.get","firebasehosting.sites.update"]}
[debug] [2022-04-12T05:24:36.093Z] <<< [apiv2][status] POST https://cloudresourcemanager.googleapis.com/v1/projects/ycelbeyli-firstproject:testIamPermissions 200
[debug] [2022-04-12T05:24:36.094Z] <<< [apiv2][body] POST https://cloudresourcemanager.googleapis.com/v1/projects/ycelbeyli-firstproject:testIamPermissions {"permissions":["firebase.projects.get","firebasehosting.sites.update"]}
[debug] [2022-04-12T05:24:36.097Z] >>> [apiv2][query] GET https://firebase.googleapis.com/v1beta1/projects/ycelbeyli-firstproject [none]
[debug] [2022-04-12T05:24:36.502Z] <<< [apiv2][status] GET https://firebase.googleapis.com/v1beta1/projects/ycelbeyli-firstproject 200
[debug] [2022-04-12T05:24:36.502Z] <<< [apiv2][body] GET https://firebase.googleapis.com/v1beta1/projects/ycelbeyli-firstproject {"projectId":"ycelbeyli-firstproject","projectNumber":"575945483894","displayName":"firstproject","name":"projects/ycelbeyli-firstproject","resources":{"hostingSite":"ycelbeyli-firstproject"},"state":"DELETED"}
[info] 
[info] === Deploying to 'ycelbeyli-firstproject'...
[info] 
[info] i  deploying hosting 
[debug] [2022-04-12T05:24:36.510Z] >>> [apiv2][query] GET https://firebase.googleapis.com/v1beta1/projects/ycelbeyli-firstproject [none]
[debug] [2022-04-12T05:24:36.882Z] <<< [apiv2][status] GET https://firebase.googleapis.com/v1beta1/projects/ycelbeyli-firstproject 200
[debug] [2022-04-12T05:24:36.882Z] <<< [apiv2][body] GET https://firebase.googleapis.com/v1beta1/projects/ycelbeyli-firstproject {"projectId":"ycelbeyli-firstproject","projectNumber":"575945483894","displayName":"firstproject","name":"projects/ycelbeyli-firstproject","resources":{"hostingSite":"ycelbeyli-firstproject"},"state":"DELETED"}
[debug] [2022-04-12T05:24:36.886Z] >>> [apiv2][query] POST https://firebasehosting.googleapis.com/v1beta1/projects/575945483894/sites/ycelbeyli-firstproject/versions [none]
[debug] [2022-04-12T05:24:36.887Z] >>> [apiv2][body] POST https://firebasehosting.googleapis.com/v1beta1/projects/575945483894/sites/ycelbeyli-firstproject/versions {"config":{},"labels":{"deployment-tool":"cli-firebase"}}
[debug] [2022-04-12T05:24:38.165Z] <<< [apiv2][status] POST https://firebasehosting.googleapis.com/v1beta1/projects/575945483894/sites/ycelbeyli-firstproject/versions 500
[debug] [2022-04-12T05:24:38.165Z] <<< [apiv2][body] POST https://firebasehosting.googleapis.com/v1beta1/projects/575945483894/sites/ycelbeyli-firstproject/versions {"error":{"code":500,"message":"Internal error encountered.","status":"INTERNAL"}}
[error] 
[error] Error: HTTP Error: 500, Internal error encountered.
[debug] [2022-04-12T05:24:38.413Z] Error Context: {
  "body": {
    "error": {
      "code": 500,
      "message": "Internal error encountered.",
      "status": "INTERNAL"
    }
  },
  "response": {
    "statusCode": 500
  }
}
[debug] [2022-04-12T05:26:04.778Z] ----------------------------------------------------------------------
[debug] [2022-04-12T05:26:04.782Z] Command:       C:\Program Files\nodejs\node.exe C:\Users\Yusufcan\AppData\Roaming\npm\node_modules\firebase-tools\lib\bin\firebase.js deploy --only hosting
[debug] [2022-04-12T05:26:04.783Z] CLI Version:   10.6.0
[debug] [2022-04-12T05:26:04.784Z] Platform:      win32
[debug] [2022-04-12T05:26:04.784Z] Node Version:  v17.9.0
[debug] [2022-04-12T05:26:04.786Z] Time:          Tue Apr 12 2022 08:26:04 GMT+0300 (GMT+03:00)
[debug] [2022-04-12T05:26:04.786Z] ----------------------------------------------------------------------
[debug] 
[debug] [2022-04-12T05:26:04.945Z] > command requires scopes: ["email","openid","https://www.googleapis.com/auth/cloudplatformprojects.readonly","https://www.googleapis.com/auth/firebase","https://www.googleapis.com/auth/cloud-platform"]
[debug] [2022-04-12T05:26:04.945Z] > authorizing via signed-in user (ycelbeyli@gmail.com)
[debug] [2022-04-12T05:26:04.946Z] [iam] checking project ycelbeyli-firstproject for permissions ["firebase.projects.get","firebasehosting.sites.update"]
[debug] [2022-04-12T05:26:04.951Z] >>> [apiv2][query] POST https://cloudresourcemanager.googleapis.com/v1/projects/ycelbeyli-firstproject:testIamPermissions [none]
[debug] [2022-04-12T05:26:04.952Z] >>> [apiv2][body] POST https://cloudresourcemanager.googleapis.com/v1/projects/ycelbeyli-firstproject:testIamPermissions {"permissions":["firebase.projects.get","firebasehosting.sites.update"]}
[debug] [2022-04-12T05:26:06.081Z] <<< [apiv2][status] POST https://cloudresourcemanager.googleapis.com/v1/projects/ycelbeyli-firstproject:testIamPermissions 200
[debug] [2022-04-12T05:26:06.082Z] <<< [apiv2][body] POST https://cloudresourcemanager.googleapis.com/v1/projects/ycelbeyli-firstproject:testIamPermissions {"permissions":["firebase.projects.get","firebasehosting.sites.update"]}
[debug] [2022-04-12T05:26:06.084Z] >>> [apiv2][query] GET https://firebase.googleapis.com/v1beta1/projects/ycelbeyli-firstproject [none]
[debug] [2022-04-12T05:26:06.465Z] <<< [apiv2][status] GET https://firebase.googleapis.com/v1beta1/projects/ycelbeyli-firstproject 200
[debug] [2022-04-12T05:26:06.465Z] <<< [apiv2][body] GET https://firebase.googleapis.com/v1beta1/projects/ycelbeyli-firstproject {"projectId":"ycelbeyli-firstproject","projectNumber":"575945483894","displayName":"firstproject","name":"projects/ycelbeyli-firstproject","resources":{"hostingSite":"ycelbeyli-firstproject"},"state":"DELETED"}
[info] 
[info] === Deploying to 'ycelbeyli-firstproject'...
[info] 
[info] i  deploying hosting 
[debug] [2022-04-12T05:26:06.473Z] >>> [apiv2][query] GET https://firebase.googleapis.com/v1beta1/projects/ycelbeyli-firstproject [none]
[debug] [2022-04-12T05:26:06.875Z] <<< [apiv2][status] GET https://firebase.googleapis.com/v1beta1/projects/ycelbeyli-firstproject 200
[debug] [2022-04-12T05:26:06.876Z] <<< [apiv2][body] GET https://firebase.googleapis.com/v1beta1/projects/ycelbeyli-firstproject {"projectId":"ycelbeyli-firstproject","projectNumber":"575945483894","displayName":"firstproject","name":"projects/ycelbeyli-firstproject","resources":{"hostingSite":"ycelbeyli-firstproject"},"state":"DELETED"}
[debug] [2022-04-12T05:26:06.880Z] >>> [apiv2][query] POST https://firebasehosting.googleapis.com/v1beta1/projects/575945483894/sites/ycelbeyli-firstproject/versions [none]
[debug] [2022-04-12T05:26:06.881Z] >>> [apiv2][body] POST https://firebasehosting.googleapis.com/v1beta1/projects/575945483894/sites/ycelbeyli-firstproject/versions {"config":{},"labels":{"deployment-tool":"cli-firebase"}}
[debug] [2022-04-12T05:26:08.143Z] <<< [apiv2][status] POST https://firebasehosting.googleapis.com/v1beta1/projects/575945483894/sites/ycelbeyli-firstproject/versions 500
[debug] [2022-04-12T05:26:08.143Z] <<< [apiv2][body] POST https://firebasehosting.googleapis.com/v1beta1/projects/575945483894/sites/ycelbeyli-firstproject/versions {"error":{"code":500,"message":"Internal error encountered.","status":"INTERNAL"}}
[error] 
[error] Error: HTTP Error: 500, Internal error encountered.
[debug] [2022-04-12T05:26:08.391Z] Error Context: {
  "body": {
    "error": {
      "code": 500,
      "message": "Internal error encountered.",
      "status": "INTERNAL"
    }
  },
  "response": {
    "statusCode": 500
  }
}
